<?xml version="1.0" encoding="UTF-8"?>
<testsuite name="pl.coursera.seleniumTraining.MyFirstTest" tests="1" skipped="0" failures="0" errors="0" timestamp="2021-07-29T07:39:13" hostname="NASK403671" time="6.746">
  <properties/>
  <testcase name="myFirstTest()" classname="pl.coursera.seleniumTraining.MyFirstTest" time="6.746"/>
  <system-out><![CDATA[]]></system-out>
  <system-err><![CDATA[Starting ChromeDriver 92.0.4515.107 (87a818b10553a07434ea9e2b6dccf3cbe7895134-refs/branch-heads/4515@{#1634}) on port 17068
Only local connections are allowed.
Please see https://chromedriver.chromium.org/security-considerations for suggestions on keeping ChromeDriver safe.
ChromeDriver was started successfully.
lip 29, 2021 9:39:16 AM org.openqa.selenium.remote.ProtocolHandshake createSession
INFO: Detected dialect: W3C
]]></system-err>
</testsuite>
